1552829445800	mozrunner::runner	INFO	Running command: "/Applications/Firefox.app/Contents/MacOS/firefox-bin" "-marionette" "-foreground" "-no-remote" "-profile" "/var/folders/45/dpff0hy15v150k17fcfxzqc00000gn/T/rust_mozprofile.ZkunM7nQs0qx"
1552829446481	addons.webextension.screenshots@mozilla.org	WARN	Loading extension 'screenshots@mozilla.org': Reading manifest: Invalid host permission: resource://pdf.js/
1552829446481	addons.webextension.screenshots@mozilla.org	WARN	Loading extension 'screenshots@mozilla.org': Reading manifest: Invalid host permission: about:reader*
Can't find symbol 'GetGraphicsResetStatus'.
1552829448588	Marionette	INFO	Listening on port 49385
1552829448603	Marionette	WARN	TLS certificate errors will be ignored for this session
console.error: BroadcastService: 
  receivedBroadcastMessage: handler for
  remote-settings/monitor_changes
  threw error:
  Message: Error: Polling for changes failed: NetworkError when attempting to fetch resource..
  Stack:
    remoteSettingsFunction/remoteSettings.pollChanges@resource://services-settings/remote-settings.js:188:13

1552829571850	mozrunner::runner	INFO	Running command: "/Applications/Firefox.app/Contents/MacOS/firefox-bin" "-marionette" "-foreground" "-no-remote" "-profile" "/var/folders/45/dpff0hy15v150k17fcfxzqc00000gn/T/rust_mozprofile.gDpPHXsKjpzF"
1552829572645	addons.webextension.screenshots@mozilla.org	WARN	Loading extension 'screenshots@mozilla.org': Reading manifest: Invalid host permission: resource://pdf.js/
1552829572645	addons.webextension.screenshots@mozilla.org	WARN	Loading extension 'screenshots@mozilla.org': Reading manifest: Invalid host permission: about:reader*
Can't find symbol 'GetGraphicsResetStatus'.
1552829574835	Marionette	INFO	Listening on port 50054
1552829574880	Marionette	WARN	TLS certificate errors will be ignored for this session
1552829589129	Marionette	INFO	Stopped listening on port 50054
1552829602284	mozrunner::runner	INFO	Running command: "/Applications/Firefox.app/Contents/MacOS/firefox-bin" "-marionette" "-foreground" "-no-remote" "-profile" "/var/folders/45/dpff0hy15v150k17fcfxzqc00000gn/T/rust_mozprofile.7FOY8ZNtfsm8"
1552829603299	addons.webextension.screenshots@mozilla.org	WARN	Loading extension 'screenshots@mozilla.org': Reading manifest: Invalid host permission: resource://pdf.js/
1552829603299	addons.webextension.screenshots@mozilla.org	WARN	Loading extension 'screenshots@mozilla.org': Reading manifest: Invalid host permission: about:reader*
Can't find symbol 'GetGraphicsResetStatus'.
1552829605783	Marionette	INFO	Listening on port 50460
1552829605818	Marionette	WARN	TLS certificate errors will be ignored for this session
1552829623022	Marionette	INFO	Stopped listening on port 50460
1552829632408	Marionette	INFO	Stopped listening on port 49385
