1552625208346	geckodriver	INFO	geckodriver 0.18.0
1552625208352	geckodriver	INFO	Listening on 127.0.0.1:64040
1552625209388	geckodriver::marionette	INFO	Starting browser /Applications/Firefox.app/Contents/MacOS/firefox-bin with args ["-marionette"]
1552625209903	addons.webextension.screenshots@mozilla.org	WARN	Loading extension 'screenshots@mozilla.org': Reading manifest: Invalid host permission: resource://pdf.js/
1552625209903	addons.webextension.screenshots@mozilla.org	WARN	Loading extension 'screenshots@mozilla.org': Reading manifest: Invalid host permission: about:reader*
1552625210025	Marionette	TRACE	Received observer notification profile-after-change
1552625210146	Marionette	TRACE	Received observer notification command-line-startup
1552625210146	Marionette	TRACE	Received observer notification nsPref:changed
1552625210146	Marionette	DEBUG	Init aborted (running=false, enabled=true, finalUIStartup=false)
1552625210349	Marionette	TRACE	Received observer notification toplevel-window-ready
Can't find symbol 'GetGraphicsResetStatus'.
1552625211152	Marionette	TRACE	Received observer notification sessionstore-windows-restored
1552625211152	Marionette	TRACE	Waiting until startup recorder finished recording startup scripts...
1552625211334	Marionette	TRACE	All scripts recorded.
1552625211334	Marionette	DEBUG	Setting recommended pref app.normandy.api_url to 
1552625211334	Marionette	DEBUG	Setting recommended pref app.update.disabledForTesting to true
1552625211334	Marionette	DEBUG	Setting recommended pref browser.contentblocking.introCount to 99
1552625211335	Marionette	DEBUG	Setting recommended pref browser.safebrowsing.passwords.enabled to false
1552625211336	Marionette	DEBUG	Setting recommended pref browser.urlbar.suggest.searches to false
1552625211336	Marionette	DEBUG	Setting recommended pref datareporting.policy.dataSubmissionPolicyAccepted to false
1552625211336	Marionette	DEBUG	Setting recommended pref dom.disable_beforeunload to true
1552625211336	Marionette	DEBUG	Setting recommended pref dom.file.createInChild to true
1552625211336	Marionette	DEBUG	Setting recommended pref toolkit.cosmeticAnimations.enabled to false
1552625211378	Marionette	INFO	Listening on port 64053
1552625211378	Marionette	DEBUG	Remote service is active
1552625211398	Marionette	DEBUG	Accepted connection 0 from 127.0.0.1:64104
1552625211407	Marionette	DEBUG	0 -> [0,1,"newSession",{"acceptInsecureCerts":true,"browserName":"firefox","capabilities":{"desiredCapabilities":{"acceptInsecureCerts":true,"browserName":"firefox"}}}]
1552625211407	Marionette	DEBUG	0 <- [1,1,{"error":"unknown command","message":"newSession","stacktrace":"WebDriverError@chrome://marionette/content/error.js:179: ... et@chrome://marionette/content/server.js:236:8\n_onJSONObjectReady/<@chrome://marionette/content/transport.js:490:9\n"},null]
1552625211424	Marionette	DEBUG	Closed connection 0
1552625664031	mozrunner::runner	INFO	Running command: "/Applications/Firefox.app/Contents/MacOS/firefox-bin" "-marionette" "-foreground" "-no-remote" "-profile" "/var/folders/45/dpff0hy15v150k17fcfxzqc00000gn/T/rust_mozprofile.j4zgY0mBAxF4"
1552625664581	addons.webextension.screenshots@mozilla.org	WARN	Loading extension 'screenshots@mozilla.org': Reading manifest: Invalid host permission: resource://pdf.js/
1552625664581	addons.webextension.screenshots@mozilla.org	WARN	Loading extension 'screenshots@mozilla.org': Reading manifest: Invalid host permission: about:reader*
Can't find symbol 'GetGraphicsResetStatus'.
1552625666025	Marionette	INFO	Listening on port 49723
1552625666133	Marionette	WARN	TLS certificate errors will be ignored for this session
1552625701946	mozrunner::runner	INFO	Running command: "/Applications/Firefox.app/Contents/MacOS/firefox-bin" "-marionette" "-foreground" "-no-remote" "-profile" "/var/folders/45/dpff0hy15v150k17fcfxzqc00000gn/T/rust_mozprofile.RjczjX5GpI6I"
1552625702510	addons.webextension.screenshots@mozilla.org	WARN	Loading extension 'screenshots@mozilla.org': Reading manifest: Invalid host permission: resource://pdf.js/
1552625702511	addons.webextension.screenshots@mozilla.org	WARN	Loading extension 'screenshots@mozilla.org': Reading manifest: Invalid host permission: about:reader*
Can't find symbol 'GetGraphicsResetStatus'.
1552625704049	Marionette	INFO	Listening on port 49926
1552625704169	Marionette	WARN	TLS certificate errors will be ignored for this session
console.error: BroadcastService: 
  receivedBroadcastMessage: handler for
  remote-settings/monitor_changes
  threw error:
  Message: Error: Polling for changes failed: NetworkError when attempting to fetch resource..
  Stack:
    remoteSettingsFunction/remoteSettings.pollChanges@resource://services-settings/remote-settings.js:188:13

console.error: BroadcastService: 
  receivedBroadcastMessage: handler for
  remote-settings/monitor_changes
  threw error:
  Message: Error: Polling for changes failed: NetworkError when attempting to fetch resource..
  Stack:
    remoteSettingsFunction/remoteSettings.pollChanges@resource://services-settings/remote-settings.js:188:13

console.error: BroadcastService: 
  receivedBroadcastMessage: handler for
  remote-settings/monitor_changes
  threw error:
  Message: Error: Polling for changes failed: NetworkError when attempting to fetch resource..
  Stack:
    remoteSettingsFunction/remoteSettings.pollChanges@resource://services-settings/remote-settings.js:188:13

Can't find symbol 'GetGraphicsResetStatus'.
Can't find symbol 'GetGraphicsResetStatus'.
Can't find symbol 'GetGraphicsResetStatus'.
1552631694609	Marionette	TRACE	Received observer notification xpcom-will-shutdown
1552631694609	Marionette	DEBUG	Resetting recommended pref app.normandy.api_url
1552631694609	Marionette	DEBUG	Resetting recommended pref app.update.disabledForTesting
1552631694609	Marionette	DEBUG	Resetting recommended pref browser.contentblocking.introCount
1552631694609	Marionette	DEBUG	Resetting recommended pref browser.safebrowsing.passwords.enabled
1552631694609	Marionette	DEBUG	Resetting recommended pref browser.urlbar.suggest.searches
1552631694610	Marionette	DEBUG	Resetting recommended pref datareporting.policy.dataSubmissionPolicyAccepted
1552631694610	Marionette	DEBUG	Resetting recommended pref dom.disable_beforeunload
1552631694610	Marionette	DEBUG	Resetting recommended pref dom.file.createInChild
1552631694610	Marionette	DEBUG	Resetting recommended pref toolkit.cosmeticAnimations.enabled
1552631694611	Marionette	INFO	Stopped listening on port 64053
1552631694611	Marionette	DEBUG	Remote service is inactive
1552631697490	Marionette	INFO	Stopped listening on port 49723
1552631700075	Marionette	INFO	Stopped listening on port 49926
1552787380165	mozrunner::runner	INFO	Running command: "/Applications/Firefox.app/Contents/MacOS/firefox-bin" "-marionette" "-foreground" "-no-remote" "-profile" "/var/folders/45/dpff0hy15v150k17fcfxzqc00000gn/T/rust_mozprofile.pSCSYj84OHFH"
1552787381035	addons.webextension.screenshots@mozilla.org	WARN	Loading extension 'screenshots@mozilla.org': Reading manifest: Invalid host permission: resource://pdf.js/
1552787381035	addons.webextension.screenshots@mozilla.org	WARN	Loading extension 'screenshots@mozilla.org': Reading manifest: Invalid host permission: about:reader*
Can't find symbol 'GetGraphicsResetStatus'.
1552787382452	Marionette	INFO	Listening on port 49554
1552787382496	Marionette	WARN	TLS certificate errors will be ignored for this session
1552787413798	mozrunner::runner	INFO	Running command: "/Applications/Firefox.app/Contents/MacOS/firefox-bin" "-marionette" "-foreground" "-no-remote" "-profile" "/var/folders/45/dpff0hy15v150k17fcfxzqc00000gn/T/rust_mozprofile.z2feAeuKQ5SH"
1552787414429	addons.webextension.screenshots@mozilla.org	WARN	Loading extension 'screenshots@mozilla.org': Reading manifest: Invalid host permission: resource://pdf.js/
1552787414429	addons.webextension.screenshots@mozilla.org	WARN	Loading extension 'screenshots@mozilla.org': Reading manifest: Invalid host permission: about:reader*
Can't find symbol 'GetGraphicsResetStatus'.
1552787416126	Marionette	INFO	Listening on port 49601
1552787416177	Marionette	WARN	TLS certificate errors will be ignored for this session
1552787426524	Marionette	INFO	Stopped listening on port 49601
console.error: BroadcastService: 
  receivedBroadcastMessage: handler for
  remote-settings/monitor_changes
  threw error:
  Message: Error: Polling for changes failed: NetworkError when attempting to fetch resource..
  Stack:
    remoteSettingsFunction/remoteSettings.pollChanges@resource://services-settings/remote-settings.js:188:13

Can't find symbol 'GetGraphicsResetStatus'.
Can't find symbol 'GetGraphicsResetStatus'.
1552788673374	mozrunner::runner	INFO	Running command: "/Applications/Firefox.app/Contents/MacOS/firefox-bin" "-marionette" "-foreground" "-no-remote" "-profile" "/var/folders/45/dpff0hy15v150k17fcfxzqc00000gn/T/rust_mozprofile.60n2WQue2uRW"
1552788673987	addons.webextension.screenshots@mozilla.org	WARN	Loading extension 'screenshots@mozilla.org': Reading manifest: Invalid host permission: resource://pdf.js/
1552788673987	addons.webextension.screenshots@mozilla.org	WARN	Loading extension 'screenshots@mozilla.org': Reading manifest: Invalid host permission: about:reader*
Can't find symbol 'GetGraphicsResetStatus'.
1552788675448	Marionette	INFO	Listening on port 49928
1552788675542	Marionette	WARN	TLS certificate errors will be ignored for this session
1552788717158	mozrunner::runner	INFO	Running command: "/Applications/Firefox.app/Contents/MacOS/firefox-bin" "-marionette" "-foreground" "-no-remote" "-profile" "/var/folders/45/dpff0hy15v150k17fcfxzqc00000gn/T/rust_mozprofile.a0EkmTm3zjBB"
1552788717730	addons.webextension.screenshots@mozilla.org	WARN	Loading extension 'screenshots@mozilla.org': Reading manifest: Invalid host permission: resource://pdf.js/
1552788717730	addons.webextension.screenshots@mozilla.org	WARN	Loading extension 'screenshots@mozilla.org': Reading manifest: Invalid host permission: about:reader*
Can't find symbol 'GetGraphicsResetStatus'.
1552788719087	Marionette	INFO	Listening on port 49975
1552788719132	Marionette	WARN	TLS certificate errors will be ignored for this session
1552788729164	Marionette	INFO	Stopped listening on port 49975
console.error: BroadcastService: 
  receivedBroadcastMessage: handler for
  remote-settings/monitor_changes
  threw error:
  Message: Error: Polling for changes failed: NetworkError when attempting to fetch resource..
  Stack:
    remoteSettingsFunction/remoteSettings.pollChanges@resource://services-settings/remote-settings.js:188:13

1552802420907	mozrunner::runner	INFO	Running command: "/Applications/Firefox.app/Contents/MacOS/firefox-bin" "-marionette" "-foreground" "-no-remote" "-profile" "/var/folders/45/dpff0hy15v150k17fcfxzqc00000gn/T/rust_mozprofile.GITnbEveDCXU"
1552802421567	addons.webextension.screenshots@mozilla.org	WARN	Loading extension 'screenshots@mozilla.org': Reading manifest: Invalid host permission: resource://pdf.js/
1552802421567	addons.webextension.screenshots@mozilla.org	WARN	Loading extension 'screenshots@mozilla.org': Reading manifest: Invalid host permission: about:reader*
Can't find symbol 'GetGraphicsResetStatus'.
1552802423020	Marionette	INFO	Listening on port 54248
1552802423068	Marionette	WARN	TLS certificate errors will be ignored for this session
1552802443424	Marionette	INFO	Stopped listening on port 54248

###!!! [Parent][MessageChannel] Error: (msgtype=0x1B0011,name=PBackgroundStorage::Msg_Observe) Channel error: cannot send/recv

JavaScript error: resource://gre/modules/WebProgressChild.jsm, line 58: TypeError: this.mm.content is null
Can't find symbol 'GetGraphicsResetStatus'.
1552802456962	Marionette	INFO	Stopped listening on port 49554
Can't find symbol 'GetGraphicsResetStatus'.
1552812745003	Marionette	INFO	Stopped listening on port 49928
